<?xml version="1.0" encoding="UTF-8"?>
<!-- Generated by org.testng.reporters.JUnitXMLReporter -->
<testsuite ignored="0" hostname="DESKTOP-48ME6A4" failures="1" tests="4" name="Test" time="50.152" errors="0" timestamp="28 Jul 2024 16:14:39 GMT">
  <testcase classname="testcases.HomePageTest" name="TC03_SomeName" time="0.064"/>
  <testcase classname="testcases.LoginTest" name="TC01_LoginFailureTest" time="8.049">
    <failure type="java.lang.AssertionError" message="expected [The email or password you have entered is invalid.] but found [The email or password you have entered is invalid]">
      <![CDATA[java.lang.AssertionError: expected [The email or password you have entered is invalid.] but found [The email or password you have entered is invalid]
at pages.LoginPage.ValidateErrorMsg(LoginPage.java:56)
at testcases.LoginTest.TC01_LoginFailureTest(LoginTest.java:25)
... Removed 31 stack frames]]>
    </failure>
  </testcase> <!-- TC01_LoginFailureTest -->
  <testcase classname="testcases.LoginTest" name="TC02_LoginSuccessTest" time="9.478"/>
  <testcase classname="testcases.LoginTest" name="TC03_LoginSuccessTest" time="7.88"/>
</testsuite> <!-- Test -->
