<?xml version="1.0" encoding="UTF-8"?>
<!-- Generated by org.testng.reporters.JUnitXMLReporter -->
<testsuite ignored="2" hostname="DESKTOP-48ME6A4" failures="1" tests="8" name="Test" time="116.148" errors="0" timestamp="06 Oct 2024 14:11:12 GMT">
  <testcase classname="testcases.HomePageTest" name="TC03_SomeName" time="0.002"/>
  <testcase classname="testcases.LoginTest" name="TC01_LoginFailureTest" time="8.317"/>
  <testcase classname="testcases.LoginTest" name="TC02_LoginSuccessTest" time="8.136"/>
  <testcase classname="testcases.LoginTest" name="TC03_LoginSuccessTest" time="7.315"/>
  <testcase classname="testcases.LoginTest" name="TC04_LoginSuccessTest" time="9.977"/>
  <testcase classname="testcases.LoginTest" name="TC04_LoginSuccessTest" time="9.348"/>
  <testcase classname="testcases.LoginTest" name="TC04_LoginSuccessTest" time="9.953"/>
  <testcase classname="testcases.LoginTest" name="TC05_LoginFailureTest" time="0.002">
    <failure type="java.lang.NullPointerException">
      <![CDATA[java.lang.NullPointerException
at testcases.LoginTest.TC05_LoginFailureTest(LoginTest.java:73)
... Removed 29 stack frames]]>
    </failure>
  </testcase> <!-- TC05_LoginFailureTest -->
  <testcase classname="testcases.BaseClass" name="@BeforeTest SetUpExcel" time="0.0">
    <ignored/>
  </testcase> <!-- @BeforeTest SetUpExcel -->
  <testcase classname="testcases.BaseClass" name="@AfterTest CloseExcel" time="0.0">
    <ignored/>
  </testcase> <!-- @AfterTest CloseExcel -->
</testsuite> <!-- Test -->
