<?xml version="1.0" encoding="UTF-8"?>
<!-- Generated by org.testng.reporters.JUnitXMLReporter -->
<testsuite ignored="2" hostname="DESKTOP-48ME6A4" failures="1" tests="8" name="Test" time="114.737" errors="0" timestamp="06 Oct 2024 15:28:55 GMT">
  <testcase classname="testcases.HomePageTest" name="TC03_SomeName" time="0.003"/>
  <testcase classname="testcases.LoginTest" name="TC01_LoginFailureTest" time="16.142"/>
  <testcase classname="testcases.LoginTest" name="TC02_LoginSuccessTest" time="10.007"/>
  <testcase classname="testcases.LoginTest" name="TC03_LoginSuccessTest" time="8.986"/>
  <testcase classname="testcases.LoginTest" name="TC04_LoginSuccessTest" time="8.07"/>
  <testcase classname="testcases.LoginTest" name="TC04_LoginSuccessTest" time="10.007"/>
  <testcase classname="testcases.LoginTest" name="TC04_LoginSuccessTest" time="9.885"/>
  <testcase classname="testcases.LoginTest" name="TC05_LoginFailureTest" time="0.007">
    <failure type="java.lang.NullPointerException">
      <![CDATA[java.lang.NullPointerException
at testcases.LoginTest.TC05_LoginFailureTest(LoginTest.java:73)
... Removed 29 stack frames]]>
    </failure>
  </testcase> <!-- TC05_LoginFailureTest -->
  <testcase classname="testcases.BaseClass" name="@BeforeTest SetUpExcel" time="0.0">
    <ignored/>
  </testcase> <!-- @BeforeTest SetUpExcel -->
  <testcase classname="testcases.BaseClass" name="@AfterTest CloseExcel" time="0.0">
    <ignored/>
  </testcase> <!-- @AfterTest CloseExcel -->
</testsuite> <!-- Test -->
