<?xml version="1.0" encoding="UTF-8"?>
<testng-results ignored="3" total="5" passed="2" failed="0" skipped="0">
  <reporter-output>
  </reporter-output>
  <suite started-at="2024-11-09T16:09:18Z" name="sanity" finished-at="2024-11-09T16:09:54Z" duration-ms="36377">
    <groups>
      <group name="sanity">
        <method signature="LoginTest.TC01_LoginFailureTest()[pri:0, instance:testcases.LoginTest@5e3d57c7]" name="TC01_LoginFailureTest" class="testcases.LoginTest"/>
        <method signature="LoginTest.TC02_LoginSuccessTest()[pri:0, instance:testcases.LoginTest@5e3d57c7]" name="TC02_LoginSuccessTest" class="testcases.LoginTest"/>
      </group> <!-- sanity -->
    </groups>
    <test started-at="2024-11-09T16:09:18Z" name="Test" finished-at="2024-11-09T16:09:54Z" duration-ms="36377">
      <class name="testcases.LoginTest">
        <test-method is-config="true" signature="SetUpExcel()[pri:0, instance:testcases.LoginTest@5e3d57c7]" started-at="2024-11-09T16:09:18Z" name="SetUpExcel" finished-at="2024-11-09T16:09:19Z" duration-ms="1006" status="PASS">
          <reporter-output>
          </reporter-output>
        </test-method> <!-- SetUpExcel -->
        <test-method is-config="true" signature="SetUpDriver()[pri:0, instance:testcases.LoginTest@5e3d57c7]" started-at="2024-11-09T16:09:19Z" name="SetUpDriver" finished-at="2024-11-09T16:09:35Z" duration-ms="15801" status="PASS">
          <reporter-output>
          </reporter-output>
        </test-method> <!-- SetUpDriver -->
        <test-method is-config="true" signature="SetUpDriver()[pri:0, instance:testcases.LoginTest@5e3d57c7]" started-at="2024-11-09T16:09:19Z" name="SetUpDriver" finished-at="2024-11-09T16:09:32Z" duration-ms="13320" status="PASS">
          <reporter-output>
          </reporter-output>
        </test-method> <!-- SetUpDriver -->
        <test-method signature="TC02_LoginSuccessTest()[pri:0, instance:testcases.LoginTest@5e3d57c7]" started-at="2024-11-09T16:09:32Z" name="TC02_LoginSuccessTest" description="Login success test" finished-at="2024-11-09T16:09:50Z" duration-ms="17676" status="PASS">
          <reporter-output>
          </reporter-output>
        </test-method> <!-- TC02_LoginSuccessTest -->
        <test-method signature="TC01_LoginFailureTest()[pri:0, instance:testcases.LoginTest@5e3d57c7]" started-at="2024-11-09T16:09:35Z" name="TC01_LoginFailureTest" description="Login failure test" finished-at="2024-11-09T16:09:48Z" duration-ms="12948" status="PASS">
          <reporter-output>
          </reporter-output>
        </test-method> <!-- TC01_LoginFailureTest -->
        <test-method is-config="true" signature="TearDown()[pri:0, instance:testcases.LoginTest@5e3d57c7]" started-at="2024-11-09T16:09:48Z" name="TearDown" finished-at="2024-11-09T16:09:51Z" duration-ms="2718" status="PASS">
          <reporter-output>
          </reporter-output>
        </test-method> <!-- TearDown -->
        <test-method is-config="true" signature="TearDown()[pri:0, instance:testcases.LoginTest@5e3d57c7]" started-at="2024-11-09T16:09:50Z" name="TearDown" finished-at="2024-11-09T16:09:54Z" duration-ms="4343" status="PASS">
          <reporter-output>
          </reporter-output>
        </test-method> <!-- TearDown -->
        <test-method is-config="true" signature="CloseExcel()[pri:0, instance:testcases.LoginTest@5e3d57c7]" started-at="2024-11-09T16:09:54Z" name="CloseExcel" finished-at="2024-11-09T16:09:54Z" duration-ms="1" status="PASS">
          <reporter-output>
          </reporter-output>
        </test-method> <!-- CloseExcel -->
      </class> <!-- testcases.LoginTest -->
    </test> <!-- Test -->
  </suite> <!-- sanity -->
</testng-results>
