<?xml version="1.0" encoding="UTF-8"?>
<testng-results ignored="2" total="10" passed="7" failed="1" skipped="0">
  <reporter-output>
  </reporter-output>
  <suite started-at="2024-10-06T14:09:16Z" name="Suite" finished-at="2024-10-06T14:11:12Z" duration-ms="116148">
    <groups>
    </groups>
    <test started-at="2024-10-06T14:09:16Z" name="Test" finished-at="2024-10-06T14:11:12Z" duration-ms="116148">
      <class name="testcases.HomePageTest">
        <test-method is-config="true" signature="SetUpExcel()[pri:0, instance:testcases.HomePageTest@5b7a8434]" started-at="2024-10-06T14:09:16Z" name="SetUpExcel" finished-at="2024-10-06T14:09:17Z" duration-ms="1384" status="PASS">
          <reporter-output>
          </reporter-output>
        </test-method> <!-- SetUpExcel -->
        <test-method is-config="true" signature="SetUpDriver()[pri:0, instance:testcases.HomePageTest@5b7a8434]" started-at="2024-10-06T14:09:17Z" name="SetUpDriver" finished-at="2024-10-06T14:09:31Z" duration-ms="14002" status="PASS">
          <reporter-output>
          </reporter-output>
        </test-method> <!-- SetUpDriver -->
        <test-method signature="TC03_SomeName()[pri:0, instance:testcases.HomePageTest@5b7a8434]" started-at="2024-10-06T14:09:31Z" name="TC03_SomeName" finished-at="2024-10-06T14:09:31Z" duration-ms="2" status="PASS">
          <reporter-output>
          </reporter-output>
        </test-method> <!-- TC03_SomeName -->
        <test-method is-config="true" signature="TearDown()[pri:0, instance:testcases.HomePageTest@5b7a8434]" started-at="2024-10-06T14:09:31Z" name="TearDown" finished-at="2024-10-06T14:09:32Z" duration-ms="942" status="PASS">
          <reporter-output>
          </reporter-output>
        </test-method> <!-- TearDown -->
        <test-method is-config="true" signature="CloseExcel()[pri:0, instance:testcases.HomePageTest@5b7a8434]" started-at="2024-10-06T14:11:12Z" name="CloseExcel" finished-at="2024-10-06T14:11:12Z" duration-ms="1" status="PASS">
          <reporter-output>
          </reporter-output>
        </test-method> <!-- CloseExcel -->
      </class> <!-- testcases.HomePageTest -->
      <class name="testcases.LoginTest">
        <test-method is-config="true" signature="SetUpDriver()[pri:0, instance:testcases.LoginTest@5c45d770]" started-at="2024-10-06T14:09:32Z" name="SetUpDriver" finished-at="2024-10-06T14:09:37Z" duration-ms="4811" status="PASS">
          <reporter-output>
          </reporter-output>
        </test-method> <!-- SetUpDriver -->
        <test-method signature="TC01_LoginFailureTest()[pri:0, instance:testcases.LoginTest@5c45d770]" started-at="2024-10-06T14:09:37Z" name="TC01_LoginFailureTest" finished-at="2024-10-06T14:09:45Z" duration-ms="8317" status="PASS">
          <reporter-output>
          </reporter-output>
        </test-method> <!-- TC01_LoginFailureTest -->
        <test-method is-config="true" signature="TearDown()[pri:0, instance:testcases.LoginTest@5c45d770]" started-at="2024-10-06T14:09:45Z" name="TearDown" finished-at="2024-10-06T14:09:46Z" duration-ms="987" status="PASS">
          <reporter-output>
          </reporter-output>
        </test-method> <!-- TearDown -->
        <test-method is-config="true" signature="SetUpDriver()[pri:0, instance:testcases.LoginTest@5c45d770]" started-at="2024-10-06T14:09:46Z" name="SetUpDriver" finished-at="2024-10-06T14:09:51Z" duration-ms="4833" status="PASS">
          <reporter-output>
          </reporter-output>
        </test-method> <!-- SetUpDriver -->
        <test-method signature="TC02_LoginSuccessTest()[pri:0, instance:testcases.LoginTest@5c45d770]" started-at="2024-10-06T14:09:51Z" name="TC02_LoginSuccessTest" finished-at="2024-10-06T14:09:59Z" duration-ms="8136" status="PASS">
          <reporter-output>
          </reporter-output>
        </test-method> <!-- TC02_LoginSuccessTest -->
        <test-method is-config="true" signature="TearDown()[pri:0, instance:testcases.LoginTest@5c45d770]" started-at="2024-10-06T14:09:59Z" name="TearDown" finished-at="2024-10-06T14:10:00Z" duration-ms="759" status="PASS">
          <reporter-output>
          </reporter-output>
        </test-method> <!-- TearDown -->
        <test-method is-config="true" signature="SetUpDriver()[pri:0, instance:testcases.LoginTest@5c45d770]" started-at="2024-10-06T14:10:00Z" name="SetUpDriver" finished-at="2024-10-06T14:10:05Z" duration-ms="5237" status="PASS">
          <reporter-output>
          </reporter-output>
        </test-method> <!-- SetUpDriver -->
        <test-method signature="TC03_LoginSuccessTest(java.lang.String, java.lang.String)[pri:0, instance:testcases.LoginTest@5c45d770]" started-at="2024-10-06T14:10:05Z" name="TC03_LoginSuccessTest" finished-at="2024-10-06T14:10:12Z" duration-ms="7315" status="PASS">
          <params>
            <param index="0">
              <value>
                <![CDATA[aaa@bbb.com]]>
              </value>
            </param>
            <param index="1">
              <value>
                <![CDATA[Abc@12345]]>
              </value>
            </param>
          </params>
          <reporter-output>
          </reporter-output>
        </test-method> <!-- TC03_LoginSuccessTest -->
        <test-method is-config="true" signature="TearDown()[pri:0, instance:testcases.LoginTest@5c45d770]" started-at="2024-10-06T14:10:12Z" name="TearDown" finished-at="2024-10-06T14:10:14Z" duration-ms="1046" status="PASS">
          <reporter-output>
          </reporter-output>
        </test-method> <!-- TearDown -->
        <test-method is-config="true" signature="SetUpDriver()[pri:0, instance:testcases.LoginTest@5c45d770]" started-at="2024-10-06T14:10:14Z" name="SetUpDriver" finished-at="2024-10-06T14:10:18Z" duration-ms="4311" status="PASS">
          <reporter-output>
          </reporter-output>
        </test-method> <!-- SetUpDriver -->
        <test-method signature="TC04_LoginSuccessTest(java.lang.String)[pri:0, instance:testcases.LoginTest@5c45d770]" started-at="2024-10-06T14:10:18Z" name="TC04_LoginSuccessTest" data-provider="dp" finished-at="2024-10-06T14:10:28Z" duration-ms="9977" status="PASS">
          <params>
            <param index="0">
              <value>
                <![CDATA[ccc@xyz.com]]>
              </value>
            </param>
          </params>
          <reporter-output>
          </reporter-output>
        </test-method> <!-- TC04_LoginSuccessTest -->
        <test-method is-config="true" signature="TearDown()[pri:0, instance:testcases.LoginTest@5c45d770]" started-at="2024-10-06T14:10:28Z" name="TearDown" finished-at="2024-10-06T14:10:29Z" duration-ms="731" status="PASS">
          <reporter-output>
          </reporter-output>
        </test-method> <!-- TearDown -->
        <test-method is-config="true" signature="SetUpDriver()[pri:0, instance:testcases.LoginTest@5c45d770]" started-at="2024-10-06T14:10:29Z" name="SetUpDriver" finished-at="2024-10-06T14:10:40Z" duration-ms="11572" status="PASS">
          <reporter-output>
          </reporter-output>
        </test-method> <!-- SetUpDriver -->
        <test-method signature="TC04_LoginSuccessTest(java.lang.String)[pri:0, instance:testcases.LoginTest@5c45d770]" started-at="2024-10-06T14:10:40Z" name="TC04_LoginSuccessTest" data-provider="dp" finished-at="2024-10-06T14:10:49Z" duration-ms="9348" status="PASS">
          <params>
            <param index="0">
              <value>
                <![CDATA[aaa@xyz.com]]>
              </value>
            </param>
          </params>
          <reporter-output>
          </reporter-output>
        </test-method> <!-- TC04_LoginSuccessTest -->
        <test-method is-config="true" signature="TearDown()[pri:0, instance:testcases.LoginTest@5c45d770]" started-at="2024-10-06T14:10:49Z" name="TearDown" finished-at="2024-10-06T14:10:50Z" duration-ms="693" status="PASS">
          <reporter-output>
          </reporter-output>
        </test-method> <!-- TearDown -->
        <test-method is-config="true" signature="SetUpDriver()[pri:0, instance:testcases.LoginTest@5c45d770]" started-at="2024-10-06T14:10:50Z" name="SetUpDriver" finished-at="2024-10-06T14:10:55Z" duration-ms="5186" status="PASS">
          <reporter-output>
          </reporter-output>
        </test-method> <!-- SetUpDriver -->
        <test-method signature="TC04_LoginSuccessTest(java.lang.String)[pri:0, instance:testcases.LoginTest@5c45d770]" started-at="2024-10-06T14:10:55Z" name="TC04_LoginSuccessTest" data-provider="dp" finished-at="2024-10-06T14:11:05Z" duration-ms="9953" status="PASS">
          <params>
            <param index="0">
              <value>
                <![CDATA[bbb@xyz.com]]>
              </value>
            </param>
          </params>
          <reporter-output>
          </reporter-output>
        </test-method> <!-- TC04_LoginSuccessTest -->
        <test-method is-config="true" signature="TearDown()[pri:0, instance:testcases.LoginTest@5c45d770]" started-at="2024-10-06T14:11:05Z" name="TearDown" finished-at="2024-10-06T14:11:06Z" duration-ms="1058" status="PASS">
          <reporter-output>
          </reporter-output>
        </test-method> <!-- TearDown -->
        <test-method is-config="true" signature="SetUpDriver()[pri:0, instance:testcases.LoginTest@5c45d770]" started-at="2024-10-06T14:11:06Z" name="SetUpDriver" finished-at="2024-10-06T14:11:11Z" duration-ms="4620" status="PASS">
          <reporter-output>
          </reporter-output>
        </test-method> <!-- SetUpDriver -->
        <test-method signature="TC05_LoginFailureTest()[pri:0, instance:testcases.LoginTest@5c45d770]" started-at="2024-10-06T14:11:11Z" name="TC05_LoginFailureTest" finished-at="2024-10-06T14:11:11Z" duration-ms="2" status="FAIL">
          <exception class="java.lang.NullPointerException">
            <full-stacktrace>
              <![CDATA[java.lang.NullPointerException
at testcases.LoginTest.TC05_LoginFailureTest(LoginTest.java:73)
at java.base/jdk.internal.reflect.NativeMethodAccessorImpl.invoke0(Native Method)
at java.base/jdk.internal.reflect.NativeMethodAccessorImpl.invoke(NativeMethodAccessorImpl.java:62)
at java.base/jdk.internal.reflect.DelegatingMethodAccessorImpl.invoke(DelegatingMethodAccessorImpl.java:43)
at java.base/java.lang.reflect.Method.invoke(Method.java:566)
at org.testng.internal.MethodInvocationHelper.invokeMethod(MethodInvocationHelper.java:124)
at org.testng.internal.Invoker.invokeMethod(Invoker.java:583)
at org.testng.internal.Invoker.invokeTestMethod(Invoker.java:719)
at org.testng.internal.Invoker.invokeTestMethods(Invoker.java:989)
at org.testng.internal.TestMethodWorker.invokeTestMethods(TestMethodWorker.java:125)
at org.testng.internal.TestMethodWorker.run(TestMethodWorker.java:109)
at org.testng.TestRunner.privateRun(TestRunner.java:648)
at org.testng.TestRunner.run(TestRunner.java:505)
at org.testng.SuiteRunner.runTest(SuiteRunner.java:455)
at org.testng.SuiteRunner.runSequentially(SuiteRunner.java:450)
at org.testng.SuiteRunner.privateRun(SuiteRunner.java:415)
at org.testng.SuiteRunner.run(SuiteRunner.java:364)
at org.testng.SuiteRunnerWorker.runSuite(SuiteRunnerWorker.java:52)
at org.testng.SuiteRunnerWorker.run(SuiteRunnerWorker.java:84)
at org.testng.TestNG.runSuitesSequentially(TestNG.java:1208)
at org.testng.TestNG.runSuitesLocally(TestNG.java:1137)
at org.testng.TestNG.runSuites(TestNG.java:1049)
at org.testng.TestNG.run(TestNG.java:1017)
at org.apache.maven.surefire.testng.TestNGExecutor.run(TestNGExecutor.java:284)
at org.apache.maven.surefire.testng.TestNGXmlTestSuite.execute(TestNGXmlTestSuite.java:75)
at org.apache.maven.surefire.testng.TestNGProvider.invoke(TestNGProvider.java:119)
at org.apache.maven.surefire.booter.ForkedBooter.runSuitesInProcess(ForkedBooter.java:428)
at org.apache.maven.surefire.booter.ForkedBooter.execute(ForkedBooter.java:162)
at org.apache.maven.surefire.booter.ForkedBooter.run(ForkedBooter.java:562)
at org.apache.maven.surefire.booter.ForkedBooter.main(ForkedBooter.java:548)
]]>
            </full-stacktrace>
          </exception> <!-- java.lang.NullPointerException -->
          <reporter-output>
          </reporter-output>
        </test-method> <!-- TC05_LoginFailureTest -->
        <test-method is-config="true" signature="TearDown()[pri:0, instance:testcases.LoginTest@5c45d770]" started-at="2024-10-06T14:11:11Z" name="TearDown" finished-at="2024-10-06T14:11:12Z" duration-ms="706" status="PASS">
          <reporter-output>
          </reporter-output>
        </test-method> <!-- TearDown -->
      </class> <!-- testcases.LoginTest -->
    </test> <!-- Test -->
  </suite> <!-- Suite -->
</testng-results>
