<?xml version="1.0" encoding="UTF-8"?>
<!-- Generated by org.testng.reporters.JUnitXMLReporter -->
<testsuite ignored="3" hostname="DESKTOP-48ME6A4" failures="0" tests="2" name="Test" time="32.124" errors="0" timestamp="06 Oct 2024 15:12:58 GMT">
  <testcase classname="testcases.LoginTest" name="TC01_LoginFailureTest" time="7.398"/>
  <testcase classname="testcases.LoginTest" name="TC02_LoginSuccessTest" time="12.113"/>
  <testcase classname="testcases.LoginTest" name="TC05_LoginFailureTest" time="0.0">
    <ignored/>
  </testcase> <!-- TC05_LoginFailureTest -->
  <testcase classname="testcases.LoginTest" name="TC03_LoginSuccessTest" time="0.0">
    <ignored/>
  </testcase> <!-- TC03_LoginSuccessTest -->
  <testcase classname="testcases.LoginTest" name="TC04_LoginSuccessTest" time="0.0">
    <ignored/>
  </testcase> <!-- TC04_LoginSuccessTest -->
</testsuite> <!-- Test -->
