<?xml version="1.0" encoding="UTF-8"?>
<testng-results ignored="3" total="5" passed="2" failed="0" skipped="0">
  <reporter-output>
  </reporter-output>
  <suite started-at="2024-10-06T15:12:26Z" name="sanity" finished-at="2024-10-06T15:12:58Z" duration-ms="32124">
    <groups>
      <group name="sanity">
        <method signature="LoginTest.TC01_LoginFailureTest()[pri:0, instance:testcases.LoginTest@38604b81]" name="TC01_LoginFailureTest" class="testcases.LoginTest"/>
        <method signature="LoginTest.TC02_LoginSuccessTest()[pri:0, instance:testcases.LoginTest@38604b81]" name="TC02_LoginSuccessTest" class="testcases.LoginTest"/>
      </group> <!-- sanity -->
    </groups>
    <test started-at="2024-10-06T15:12:26Z" name="Test" finished-at="2024-10-06T15:12:58Z" duration-ms="32124">
      <class name="testcases.LoginTest">
        <test-method is-config="true" signature="SetUpExcel()[pri:0, instance:testcases.LoginTest@38604b81]" started-at="2024-10-06T15:12:26Z" name="SetUpExcel" finished-at="2024-10-06T15:12:27Z" duration-ms="1005" status="PASS">
          <reporter-output>
          </reporter-output>
        </test-method> <!-- SetUpExcel -->
        <test-method is-config="true" signature="SetUpDriver()[pri:0, instance:testcases.LoginTest@38604b81]" started-at="2024-10-06T15:12:27Z" name="SetUpDriver" finished-at="2024-10-06T15:12:33Z" duration-ms="5734" status="PASS">
          <reporter-output>
          </reporter-output>
        </test-method> <!-- SetUpDriver -->
        <test-method signature="TC01_LoginFailureTest()[pri:0, instance:testcases.LoginTest@38604b81]" started-at="2024-10-06T15:12:33Z" name="TC01_LoginFailureTest" description="Login failure test" finished-at="2024-10-06T15:12:40Z" duration-ms="7398" status="PASS">
          <reporter-output>
          </reporter-output>
        </test-method> <!-- TC01_LoginFailureTest -->
        <test-method is-config="true" signature="TearDown()[pri:0, instance:testcases.LoginTest@38604b81]" started-at="2024-10-06T15:12:40Z" name="TearDown" finished-at="2024-10-06T15:12:41Z" duration-ms="572" status="PASS">
          <reporter-output>
          </reporter-output>
        </test-method> <!-- TearDown -->
        <test-method is-config="true" signature="SetUpDriver()[pri:0, instance:testcases.LoginTest@38604b81]" started-at="2024-10-06T15:12:41Z" name="SetUpDriver" finished-at="2024-10-06T15:12:46Z" duration-ms="4580" status="PASS">
          <reporter-output>
          </reporter-output>
        </test-method> <!-- SetUpDriver -->
        <test-method signature="TC02_LoginSuccessTest()[pri:0, instance:testcases.LoginTest@38604b81]" started-at="2024-10-06T15:12:46Z" name="TC02_LoginSuccessTest" description="Login success test" finished-at="2024-10-06T15:12:58Z" duration-ms="12113" status="PASS">
          <reporter-output>
          </reporter-output>
        </test-method> <!-- TC02_LoginSuccessTest -->
        <test-method is-config="true" signature="TearDown()[pri:0, instance:testcases.LoginTest@38604b81]" started-at="2024-10-06T15:12:58Z" name="TearDown" finished-at="2024-10-06T15:12:58Z" duration-ms="675" status="PASS">
          <reporter-output>
          </reporter-output>
        </test-method> <!-- TearDown -->
        <test-method is-config="true" signature="CloseExcel()[pri:0, instance:testcases.LoginTest@38604b81]" started-at="2024-10-06T15:12:58Z" name="CloseExcel" finished-at="2024-10-06T15:12:58Z" duration-ms="0" status="PASS">
          <reporter-output>
          </reporter-output>
        </test-method> <!-- CloseExcel -->
      </class> <!-- testcases.LoginTest -->
    </test> <!-- Test -->
  </suite> <!-- sanity -->
</testng-results>
