<?xml version="1.0" encoding="UTF-8"?>
<!-- Generated by org.testng.reporters.JUnitXMLReporter -->
<testsuite ignored="3" hostname="DESKTOP-48ME6A4" failures="0" tests="2" name="Test" time="36.377" errors="0" timestamp="09 Nov 2024 16:09:54 GMT">
  <testcase classname="testcases.LoginTest" name="TC01_LoginFailureTest" time="12.948"/>
  <testcase classname="testcases.LoginTest" name="TC02_LoginSuccessTest" time="17.676"/>
  <testcase classname="testcases.LoginTest" name="TC05_LoginFailureTest" time="0.0">
    <ignored/>
  </testcase> <!-- TC05_LoginFailureTest -->
  <testcase classname="testcases.LoginTest" name="TC03_LoginSuccessTest" time="0.0">
    <ignored/>
  </testcase> <!-- TC03_LoginSuccessTest -->
  <testcase classname="testcases.LoginTest" name="TC04_LoginSuccessTest" time="0.0">
    <ignored/>
  </testcase> <!-- TC04_LoginSuccessTest -->
</testsuite> <!-- Test -->
